<?xml version="1.0" encoding="UTF-8"?>
<testsuite xmlns:xsi="http://www.w3.org/2001/XMLSchema-instance" xsi:noNamespaceSchemaLocation="https://maven.apache.org/surefire/maven-surefire-plugin/xsd/surefire-test-report-3.0.xsd" version="3.0" name="TestSuite" time="343.266" tests="6" errors="0" skipped="0" failures="0">
  <properties>
    <property name="java.specification.version" value="21"/>
    <property name="sun.cpu.isalist" value="amd64"/>
    <property name="sun.jnu.encoding" value="Cp1252"/>
    <property name="testng.Skipped" value="0"/>
    <property name="java.class.path" value="C:\Users\Admin\eclipse-workspace\MagentoProjectV2\target\test-classes;C:\Users\Admin\eclipse-workspace\MagentoProjectV2\target\classes;C:\Users\Admin\.m2\repository\io\cucumber\cucumber-java\7.21.1\cucumber-java-7.21.1.jar;C:\Users\Admin\.m2\repository\org\apiguardian\apiguardian-api\1.1.2\apiguardian-api-1.1.2.jar;C:\Users\Admin\.m2\repository\io\cucumber\cucumber-picocontainer\7.21.1\cucumber-picocontainer-7.21.1.jar;C:\Users\Admin\.m2\repository\org\picocontainer\picocontainer\2.15\picocontainer-2.15.jar;C:\Users\Admin\.m2\repository\io\cucumber\cucumber-core\7.21.1\cucumber-core-7.21.1.jar;C:\Users\Admin\.m2\repository\io\cucumber\cucumber-gherkin-messages\7.21.1\cucumber-gherkin-messages-7.21.1.jar;C:\Users\Admin\.m2\repository\io\cucumber\gherkin\31.0.0\gherkin-31.0.0.jar;C:\Users\Admin\.m2\repository\io\cucumber\messages\27.2.0\messages-27.2.0.jar;C:\Users\Admin\.m2\repository\io\cucumber\testng-xml-formatter\0.3.1\testng-xml-formatter-0.3.1.jar;C:\Users\Admin\.m2\repository\io\cucumber\query\13.2.0\query-13.2.0.jar;C:\Users\Admin\.m2\repository\io\cucumber\tag-expressions\6.1.2\tag-expressions-6.1.2.jar;C:\Users\Admin\.m2\repository\io\cucumber\cucumber-expressions\18.0.1\cucumber-expressions-18.0.1.jar;C:\Users\Admin\.m2\repository\io\cucumber\datatable\7.21.1\datatable-7.21.1.jar;C:\Users\Admin\.m2\repository\io\cucumber\cucumber-plugin\7.21.1\cucumber-plugin-7.21.1.jar;C:\Users\Admin\.m2\repository\io\cucumber\docstring\7.21.1\docstring-7.21.1.jar;C:\Users\Admin\.m2\repository\io\cucumber\html-formatter\21.9.0\html-formatter-21.9.0.jar;C:\Users\Admin\.m2\repository\io\cucumber\junit-xml-formatter\0.7.1\junit-xml-formatter-0.7.1.jar;C:\Users\Admin\.m2\repository\io\cucumber\ci-environment\10.0.1\ci-environment-10.0.1.jar;C:\Users\Admin\.m2\repository\io\cucumber\cucumber-testng\7.21.1\cucumber-testng-7.21.1.jar;C:\Users\Admin\.m2\repository\org\testng\testng\7.10.2\testng-7.10.2.jar;C:\Users\Admin\.m2\repository\com\beust\jcommander\1.82\jcommander-1.82.jar;C:\Users\Admin\.m2\repository\org\webjars\jquery\3.7.1\jquery-3.7.1.jar;C:\Users\Admin\.m2\repository\io\cucumber\cucumber-gherkin\7.21.1\cucumber-gherkin-7.21.1.jar;C:\Users\Admin\.m2\repository\org\seleniumhq\selenium\selenium-java\4.29.0\selenium-java-4.29.0.jar;C:\Users\Admin\.m2\repository\org\seleniumhq\selenium\selenium-api\4.29.0\selenium-api-4.29.0.jar;C:\Users\Admin\.m2\repository\org\jspecify\jspecify\1.0.0\jspecify-1.0.0.jar;C:\Users\Admin\.m2\repository\org\seleniumhq\selenium\selenium-chrome-driver\4.29.0\selenium-chrome-driver-4.29.0.jar;C:\Users\Admin\.m2\repository\com\google\auto\service\auto-service-annotations\1.1.1\auto-service-annotations-1.1.1.jar;C:\Users\Admin\.m2\repository\org\seleniumhq\selenium\selenium-chromium-driver\4.29.0\selenium-chromium-driver-4.29.0.jar;C:\Users\Admin\.m2\repository\org\seleniumhq\selenium\selenium-json\4.29.0\selenium-json-4.29.0.jar;C:\Users\Admin\.m2\repository\org\seleniumhq\selenium\selenium-manager\4.29.0\selenium-manager-4.29.0.jar;C:\Users\Admin\.m2\repository\org\seleniumhq\selenium\selenium-devtools-v131\4.29.0\selenium-devtools-v131-4.29.0.jar;C:\Users\Admin\.m2\repository\org\seleniumhq\selenium\selenium-devtools-v132\4.29.0\selenium-devtools-v132-4.29.0.jar;C:\Users\Admin\.m2\repository\org\seleniumhq\selenium\selenium-devtools-v133\4.29.0\selenium-devtools-v133-4.29.0.jar;C:\Users\Admin\.m2\repository\org\seleniumhq\selenium\selenium-devtools-v85\4.29.0\selenium-devtools-v85-4.29.0.jar;C:\Users\Admin\.m2\repository\org\seleniumhq\selenium\selenium-edge-driver\4.29.0\selenium-edge-driver-4.29.0.jar;C:\Users\Admin\.m2\repository\org\seleniumhq\selenium\selenium-firefox-driver\4.29.0\selenium-firefox-driver-4.29.0.jar;C:\Users\Admin\.m2\repository\org\seleniumhq\selenium\selenium-http\4.29.0\selenium-http-4.29.0.jar;C:\Users\Admin\.m2\repository\org\seleniumhq\selenium\selenium-ie-driver\4.29.0\selenium-ie-driver-4.29.0.jar;C:\Users\Admin\.m2\repository\org\seleniumhq\selenium\selenium-remote-driver\4.29.0\selenium-remote-driver-4.29.0.jar;C:\Users\Admin\.m2\repository\io\opentelemetry\semconv\opentelemetry-semconv\1.28.0-alpha\opentelemetry-semconv-1.28.0-alpha.jar;C:\Users\Admin\.m2\repository\io\opentelemetry\opentelemetry-api\1.46.0\opentelemetry-api-1.46.0.jar;C:\Users\Admin\.m2\repository\io\opentelemetry\opentelemetry-context\1.46.0\opentelemetry-context-1.46.0.jar;C:\Users\Admin\.m2\repository\io\opentelemetry\opentelemetry-exporter-logging\1.46.0\opentelemetry-exporter-logging-1.46.0.jar;C:\Users\Admin\.m2\repository\io\opentelemetry\opentelemetry-sdk-common\1.46.0\opentelemetry-sdk-common-1.46.0.jar;C:\Users\Admin\.m2\repository\io\opentelemetry\opentelemetry-sdk-extension-autoconfigure-spi\1.46.0\opentelemetry-sdk-extension-autoconfigure-spi-1.46.0.jar;C:\Users\Admin\.m2\repository\io\opentelemetry\opentelemetry-sdk-extension-autoconfigure\1.46.0\opentelemetry-sdk-extension-autoconfigure-1.46.0.jar;C:\Users\Admin\.m2\repository\io\opentelemetry\opentelemetry-api-incubator\1.46.0-alpha\opentelemetry-api-incubator-1.46.0-alpha.jar;C:\Users\Admin\.m2\repository\io\opentelemetry\opentelemetry-sdk-trace\1.46.0\opentelemetry-sdk-trace-1.46.0.jar;C:\Users\Admin\.m2\repository\io\opentelemetry\opentelemetry-sdk\1.46.0\opentelemetry-sdk-1.46.0.jar;C:\Users\Admin\.m2\repository\io\opentelemetry\opentelemetry-sdk-metrics\1.46.0\opentelemetry-sdk-metrics-1.46.0.jar;C:\Users\Admin\.m2\repository\io\opentelemetry\opentelemetry-sdk-logs\1.46.0\opentelemetry-sdk-logs-1.46.0.jar;C:\Users\Admin\.m2\repository\net\bytebuddy\byte-buddy\1.15.11\byte-buddy-1.15.11.jar;C:\Users\Admin\.m2\repository\org\seleniumhq\selenium\selenium-os\4.29.0\selenium-os-4.29.0.jar;C:\Users\Admin\.m2\repository\org\apache\commons\commons-exec\1.4.0\commons-exec-1.4.0.jar;C:\Users\Admin\.m2\repository\org\seleniumhq\selenium\selenium-safari-driver\4.29.0\selenium-safari-driver-4.29.0.jar;C:\Users\Admin\.m2\repository\org\seleniumhq\selenium\selenium-support\4.29.0\selenium-support-4.29.0.jar;C:\Users\Admin\.m2\repository\org\apache\poi\poi\5.4.0\poi-5.4.0.jar;C:\Users\Admin\.m2\repository\commons-codec\commons-codec\1.17.1\commons-codec-1.17.1.jar;C:\Users\Admin\.m2\repository\org\apache\commons\commons-collections4\4.4\commons-collections4-4.4.jar;C:\Users\Admin\.m2\repository\org\apache\commons\commons-math3\3.6.1\commons-math3-3.6.1.jar;C:\Users\Admin\.m2\repository\commons-io\commons-io\2.18.0\commons-io-2.18.0.jar;C:\Users\Admin\.m2\repository\com\zaxxer\SparseBitSet\1.3\SparseBitSet-1.3.jar;C:\Users\Admin\.m2\repository\org\apache\logging\log4j\log4j-api\2.24.3\log4j-api-2.24.3.jar;C:\Users\Admin\.m2\repository\org\apache\poi\poi-ooxml\5.4.0\poi-ooxml-5.4.0.jar;C:\Users\Admin\.m2\repository\org\apache\poi\poi-ooxml-lite\5.4.0\poi-ooxml-lite-5.4.0.jar;C:\Users\Admin\.m2\repository\org\apache\xmlbeans\xmlbeans\5.3.0\xmlbeans-5.3.0.jar;C:\Users\Admin\.m2\repository\org\apache\commons\commons-compress\1.27.1\commons-compress-1.27.1.jar;C:\Users\Admin\.m2\repository\org\apache\commons\commons-lang3\3.16.0\commons-lang3-3.16.0.jar;C:\Users\Admin\.m2\repository\com\github\virtuald\curvesapi\1.08\curvesapi-1.08.jar;C:\Users\Admin\.m2\repository\io\qameta\allure\allure-testng\2.29.1\allure-testng-2.29.1.jar;C:\Users\Admin\.m2\repository\io\qameta\allure\allure-java-commons\2.29.1\allure-java-commons-2.29.1.jar;C:\Users\Admin\.m2\repository\io\qameta\allure\allure-model\2.29.1\allure-model-2.29.1.jar;C:\Users\Admin\.m2\repository\io\qameta\allure\allure-test-filter\2.29.1\allure-test-filter-2.29.1.jar;C:\Users\Admin\.m2\repository\com\github\sdrss\reportng\2.7.0\reportng-2.7.0.jar;C:\Users\Admin\.m2\repository\velocity\velocity\1.5\velocity-1.5.jar;C:\Users\Admin\.m2\repository\commons-collections\commons-collections\3.1\commons-collections-3.1.jar;C:\Users\Admin\.m2\repository\commons-lang\commons-lang\2.1\commons-lang-2.1.jar;C:\Users\Admin\.m2\repository\oro\oro\2.0.8\oro-2.0.8.jar;C:\Users\Admin\.m2\repository\com\fasterxml\jackson\core\jackson-core\2.10.1\jackson-core-2.10.1.jar;C:\Users\Admin\.m2\repository\com\fasterxml\jackson\core\jackson-databind\2.12.7.1\jackson-databind-2.12.7.1.jar;C:\Users\Admin\.m2\repository\com\fasterxml\jackson\core\jackson-annotations\2.10.1\jackson-annotations-2.10.1.jar;C:\Users\Admin\.m2\repository\org\slf4j\slf4j-api\1.7.29\slf4j-api-1.7.29.jar;C:\Users\Admin\.m2\repository\com\google\inject\guice\7.0.0\guice-7.0.0.jar;C:\Users\Admin\.m2\repository\jakarta\inject\jakarta.inject-api\2.0.1\jakarta.inject-api-2.0.1.jar;C:\Users\Admin\.m2\repository\aopalliance\aopalliance\1.0\aopalliance-1.0.jar;C:\Users\Admin\.m2\repository\com\google\guava\guava\31.0.1-jre\guava-31.0.1-jre.jar;C:\Users\Admin\.m2\repository\com\google\guava\failureaccess\1.0.1\failureaccess-1.0.1.jar;C:\Users\Admin\.m2\repository\com\google\guava\listenablefuture\9999.0-empty-to-avoid-conflict-with-guava\listenablefuture-9999.0-empty-to-avoid-conflict-with-guava.jar;C:\Users\Admin\.m2\repository\com\google\code\findbugs\jsr305\3.0.2\jsr305-3.0.2.jar;C:\Users\Admin\.m2\repository\org\checkerframework\checker-qual\3.12.0\checker-qual-3.12.0.jar;C:\Users\Admin\.m2\repository\com\google\errorprone\error_prone_annotations\2.7.1\error_prone_annotations-2.7.1.jar;C:\Users\Admin\.m2\repository\com\google\j2objc\j2objc-annotations\1.3\j2objc-annotations-1.3.jar;C:\Users\Admin\.m2\repository\com\aventstack\extentreports\5.1.2\extentreports-5.1.2.jar;C:\Users\Admin\.m2\repository\io\reactivex\rxjava3\rxjava\3.1.6\rxjava-3.1.6.jar;C:\Users\Admin\.m2\repository\org\reactivestreams\reactive-streams\1.0.4\reactive-streams-1.0.4.jar;C:\Users\Admin\.m2\repository\org\freemarker\freemarker\2.3.32\freemarker-2.3.32.jar;C:\Users\Admin\.m2\repository\org\projectlombok\lombok\1.18.26\lombok-1.18.26.jar;C:\Users\Admin\.m2\repository\com\google\code\gson\gson\2.10.1\gson-2.10.1.jar;"/>
    <property name="java.vm.vendor" value="Oracle Corporation"/>
    <property name="sun.arch.data.model" value="64"/>
    <property name="user.variant" value=""/>
    <property name="java.vendor.url" value="https://java.oracle.com/"/>
    <property name="user.timezone" value="Asia/Calcutta"/>
    <property name="os.name" value="Windows 11"/>
    <property name="java.vm.specification.version" value="21"/>
    <property name="sun.java.launcher" value="SUN_STANDARD"/>
    <property name="user.country" value="IN"/>
    <property name="sun.boot.library.path" value="C:\Program Files\Java\jdk-21\bin"/>
    <property name="sun.java.command" value="C:\Users\Admin\AppData\Local\Temp\surefire7591077306758247418\surefirebooter7292194006196848678.jar C:\Users\Admin\AppData\Local\Temp\surefire7591077306758247418 2025-03-25T09-28-00_432-jvmRun1 surefire8684794488381429026tmp surefire_09806954087745410873tmp"/>
    <property name="jdk.debug" value="release"/>
    <property name="surefire.test.class.path" value="C:\Users\Admin\eclipse-workspace\MagentoProjectV2\target\test-classes;C:\Users\Admin\eclipse-workspace\MagentoProjectV2\target\classes;C:\Users\Admin\.m2\repository\io\cucumber\cucumber-java\7.21.1\cucumber-java-7.21.1.jar;C:\Users\Admin\.m2\repository\org\apiguardian\apiguardian-api\1.1.2\apiguardian-api-1.1.2.jar;C:\Users\Admin\.m2\repository\io\cucumber\cucumber-picocontainer\7.21.1\cucumber-picocontainer-7.21.1.jar;C:\Users\Admin\.m2\repository\org\picocontainer\picocontainer\2.15\picocontainer-2.15.jar;C:\Users\Admin\.m2\repository\io\cucumber\cucumber-core\7.21.1\cucumber-core-7.21.1.jar;C:\Users\Admin\.m2\repository\io\cucumber\cucumber-gherkin-messages\7.21.1\cucumber-gherkin-messages-7.21.1.jar;C:\Users\Admin\.m2\repository\io\cucumber\gherkin\31.0.0\gherkin-31.0.0.jar;C:\Users\Admin\.m2\repository\io\cucumber\messages\27.2.0\messages-27.2.0.jar;C:\Users\Admin\.m2\repository\io\cucumber\testng-xml-formatter\0.3.1\testng-xml-formatter-0.3.1.jar;C:\Users\Admin\.m2\repository\io\cucumber\query\13.2.0\query-13.2.0.jar;C:\Users\Admin\.m2\repository\io\cucumber\tag-expressions\6.1.2\tag-expressions-6.1.2.jar;C:\Users\Admin\.m2\repository\io\cucumber\cucumber-expressions\18.0.1\cucumber-expressions-18.0.1.jar;C:\Users\Admin\.m2\repository\io\cucumber\datatable\7.21.1\datatable-7.21.1.jar;C:\Users\Admin\.m2\repository\io\cucumber\cucumber-plugin\7.21.1\cucumber-plugin-7.21.1.jar;C:\Users\Admin\.m2\repository\io\cucumber\docstring\7.21.1\docstring-7.21.1.jar;C:\Users\Admin\.m2\repository\io\cucumber\html-formatter\21.9.0\html-formatter-21.9.0.jar;C:\Users\Admin\.m2\repository\io\cucumber\junit-xml-formatter\0.7.1\junit-xml-formatter-0.7.1.jar;C:\Users\Admin\.m2\repository\io\cucumber\ci-environment\10.0.1\ci-environment-10.0.1.jar;C:\Users\Admin\.m2\repository\io\cucumber\cucumber-testng\7.21.1\cucumber-testng-7.21.1.jar;C:\Users\Admin\.m2\repository\org\testng\testng\7.10.2\testng-7.10.2.jar;C:\Users\Admin\.m2\repository\com\beust\jcommander\1.82\jcommander-1.82.jar;C:\Users\Admin\.m2\repository\org\webjars\jquery\3.7.1\jquery-3.7.1.jar;C:\Users\Admin\.m2\repository\io\cucumber\cucumber-gherkin\7.21.1\cucumber-gherkin-7.21.1.jar;C:\Users\Admin\.m2\repository\org\seleniumhq\selenium\selenium-java\4.29.0\selenium-java-4.29.0.jar;C:\Users\Admin\.m2\repository\org\seleniumhq\selenium\selenium-api\4.29.0\selenium-api-4.29.0.jar;C:\Users\Admin\.m2\repository\org\jspecify\jspecify\1.0.0\jspecify-1.0.0.jar;C:\Users\Admin\.m2\repository\org\seleniumhq\selenium\selenium-chrome-driver\4.29.0\selenium-chrome-driver-4.29.0.jar;C:\Users\Admin\.m2\repository\com\google\auto\service\auto-service-annotations\1.1.1\auto-service-annotations-1.1.1.jar;C:\Users\Admin\.m2\repository\org\seleniumhq\selenium\selenium-chromium-driver\4.29.0\selenium-chromium-driver-4.29.0.jar;C:\Users\Admin\.m2\repository\org\seleniumhq\selenium\selenium-json\4.29.0\selenium-json-4.29.0.jar;C:\Users\Admin\.m2\repository\org\seleniumhq\selenium\selenium-manager\4.29.0\selenium-manager-4.29.0.jar;C:\Users\Admin\.m2\repository\org\seleniumhq\selenium\selenium-devtools-v131\4.29.0\selenium-devtools-v131-4.29.0.jar;C:\Users\Admin\.m2\repository\org\seleniumhq\selenium\selenium-devtools-v132\4.29.0\selenium-devtools-v132-4.29.0.jar;C:\Users\Admin\.m2\repository\org\seleniumhq\selenium\selenium-devtools-v133\4.29.0\selenium-devtools-v133-4.29.0.jar;C:\Users\Admin\.m2\repository\org\seleniumhq\selenium\selenium-devtools-v85\4.29.0\selenium-devtools-v85-4.29.0.jar;C:\Users\Admin\.m2\repository\org\seleniumhq\selenium\selenium-edge-driver\4.29.0\selenium-edge-driver-4.29.0.jar;C:\Users\Admin\.m2\repository\org\seleniumhq\selenium\selenium-firefox-driver\4.29.0\selenium-firefox-driver-4.29.0.jar;C:\Users\Admin\.m2\repository\org\seleniumhq\selenium\selenium-http\4.29.0\selenium-http-4.29.0.jar;C:\Users\Admin\.m2\repository\org\seleniumhq\selenium\selenium-ie-driver\4.29.0\selenium-ie-driver-4.29.0.jar;C:\Users\Admin\.m2\repository\org\seleniumhq\selenium\selenium-remote-driver\4.29.0\selenium-remote-driver-4.29.0.jar;C:\Users\Admin\.m2\repository\io\opentelemetry\semconv\opentelemetry-semconv\1.28.0-alpha\opentelemetry-semconv-1.28.0-alpha.jar;C:\Users\Admin\.m2\repository\io\opentelemetry\opentelemetry-api\1.46.0\opentelemetry-api-1.46.0.jar;C:\Users\Admin\.m2\repository\io\opentelemetry\opentelemetry-context\1.46.0\opentelemetry-context-1.46.0.jar;C:\Users\Admin\.m2\repository\io\opentelemetry\opentelemetry-exporter-logging\1.46.0\opentelemetry-exporter-logging-1.46.0.jar;C:\Users\Admin\.m2\repository\io\opentelemetry\opentelemetry-sdk-common\1.46.0\opentelemetry-sdk-common-1.46.0.jar;C:\Users\Admin\.m2\repository\io\opentelemetry\opentelemetry-sdk-extension-autoconfigure-spi\1.46.0\opentelemetry-sdk-extension-autoconfigure-spi-1.46.0.jar;C:\Users\Admin\.m2\repository\io\opentelemetry\opentelemetry-sdk-extension-autoconfigure\1.46.0\opentelemetry-sdk-extension-autoconfigure-1.46.0.jar;C:\Users\Admin\.m2\repository\io\opentelemetry\opentelemetry-api-incubator\1.46.0-alpha\opentelemetry-api-incubator-1.46.0-alpha.jar;C:\Users\Admin\.m2\repository\io\opentelemetry\opentelemetry-sdk-trace\1.46.0\opentelemetry-sdk-trace-1.46.0.jar;C:\Users\Admin\.m2\repository\io\opentelemetry\opentelemetry-sdk\1.46.0\opentelemetry-sdk-1.46.0.jar;C:\Users\Admin\.m2\repository\io\opentelemetry\opentelemetry-sdk-metrics\1.46.0\opentelemetry-sdk-metrics-1.46.0.jar;C:\Users\Admin\.m2\repository\io\opentelemetry\opentelemetry-sdk-logs\1.46.0\opentelemetry-sdk-logs-1.46.0.jar;C:\Users\Admin\.m2\repository\net\bytebuddy\byte-buddy\1.15.11\byte-buddy-1.15.11.jar;C:\Users\Admin\.m2\repository\org\seleniumhq\selenium\selenium-os\4.29.0\selenium-os-4.29.0.jar;C:\Users\Admin\.m2\repository\org\apache\commons\commons-exec\1.4.0\commons-exec-1.4.0.jar;C:\Users\Admin\.m2\repository\org\seleniumhq\selenium\selenium-safari-driver\4.29.0\selenium-safari-driver-4.29.0.jar;C:\Users\Admin\.m2\repository\org\seleniumhq\selenium\selenium-support\4.29.0\selenium-support-4.29.0.jar;C:\Users\Admin\.m2\repository\org\apache\poi\poi\5.4.0\poi-5.4.0.jar;C:\Users\Admin\.m2\repository\commons-codec\commons-codec\1.17.1\commons-codec-1.17.1.jar;C:\Users\Admin\.m2\repository\org\apache\commons\commons-collections4\4.4\commons-collections4-4.4.jar;C:\Users\Admin\.m2\repository\org\apache\commons\commons-math3\3.6.1\commons-math3-3.6.1.jar;C:\Users\Admin\.m2\repository\commons-io\commons-io\2.18.0\commons-io-2.18.0.jar;C:\Users\Admin\.m2\repository\com\zaxxer\SparseBitSet\1.3\SparseBitSet-1.3.jar;C:\Users\Admin\.m2\repository\org\apache\logging\log4j\log4j-api\2.24.3\log4j-api-2.24.3.jar;C:\Users\Admin\.m2\repository\org\apache\poi\poi-ooxml\5.4.0\poi-ooxml-5.4.0.jar;C:\Users\Admin\.m2\repository\org\apache\poi\poi-ooxml-lite\5.4.0\poi-ooxml-lite-5.4.0.jar;C:\Users\Admin\.m2\repository\org\apache\xmlbeans\xmlbeans\5.3.0\xmlbeans-5.3.0.jar;C:\Users\Admin\.m2\repository\org\apache\commons\commons-compress\1.27.1\commons-compress-1.27.1.jar;C:\Users\Admin\.m2\repository\org\apache\commons\commons-lang3\3.16.0\commons-lang3-3.16.0.jar;C:\Users\Admin\.m2\repository\com\github\virtuald\curvesapi\1.08\curvesapi-1.08.jar;C:\Users\Admin\.m2\repository\io\qameta\allure\allure-testng\2.29.1\allure-testng-2.29.1.jar;C:\Users\Admin\.m2\repository\io\qameta\allure\allure-java-commons\2.29.1\allure-java-commons-2.29.1.jar;C:\Users\Admin\.m2\repository\io\qameta\allure\allure-model\2.29.1\allure-model-2.29.1.jar;C:\Users\Admin\.m2\repository\io\qameta\allure\allure-test-filter\2.29.1\allure-test-filter-2.29.1.jar;C:\Users\Admin\.m2\repository\com\github\sdrss\reportng\2.7.0\reportng-2.7.0.jar;C:\Users\Admin\.m2\repository\velocity\velocity\1.5\velocity-1.5.jar;C:\Users\Admin\.m2\repository\commons-collections\commons-collections\3.1\commons-collections-3.1.jar;C:\Users\Admin\.m2\repository\commons-lang\commons-lang\2.1\commons-lang-2.1.jar;C:\Users\Admin\.m2\repository\oro\oro\2.0.8\oro-2.0.8.jar;C:\Users\Admin\.m2\repository\com\fasterxml\jackson\core\jackson-core\2.10.1\jackson-core-2.10.1.jar;C:\Users\Admin\.m2\repository\com\fasterxml\jackson\core\jackson-databind\2.12.7.1\jackson-databind-2.12.7.1.jar;C:\Users\Admin\.m2\repository\com\fasterxml\jackson\core\jackson-annotations\2.10.1\jackson-annotations-2.10.1.jar;C:\Users\Admin\.m2\repository\org\slf4j\slf4j-api\1.7.29\slf4j-api-1.7.29.jar;C:\Users\Admin\.m2\repository\com\google\inject\guice\7.0.0\guice-7.0.0.jar;C:\Users\Admin\.m2\repository\jakarta\inject\jakarta.inject-api\2.0.1\jakarta.inject-api-2.0.1.jar;C:\Users\Admin\.m2\repository\aopalliance\aopalliance\1.0\aopalliance-1.0.jar;C:\Users\Admin\.m2\repository\com\google\guava\guava\31.0.1-jre\guava-31.0.1-jre.jar;C:\Users\Admin\.m2\repository\com\google\guava\failureaccess\1.0.1\failureaccess-1.0.1.jar;C:\Users\Admin\.m2\repository\com\google\guava\listenablefuture\9999.0-empty-to-avoid-conflict-with-guava\listenablefuture-9999.0-empty-to-avoid-conflict-with-guava.jar;C:\Users\Admin\.m2\repository\com\google\code\findbugs\jsr305\3.0.2\jsr305-3.0.2.jar;C:\Users\Admin\.m2\repository\org\checkerframework\checker-qual\3.12.0\checker-qual-3.12.0.jar;C:\Users\Admin\.m2\repository\com\google\errorprone\error_prone_annotations\2.7.1\error_prone_annotations-2.7.1.jar;C:\Users\Admin\.m2\repository\com\google\j2objc\j2objc-annotations\1.3\j2objc-annotations-1.3.jar;C:\Users\Admin\.m2\repository\com\aventstack\extentreports\5.1.2\extentreports-5.1.2.jar;C:\Users\Admin\.m2\repository\io\reactivex\rxjava3\rxjava\3.1.6\rxjava-3.1.6.jar;C:\Users\Admin\.m2\repository\org\reactivestreams\reactive-streams\1.0.4\reactive-streams-1.0.4.jar;C:\Users\Admin\.m2\repository\org\freemarker\freemarker\2.3.32\freemarker-2.3.32.jar;C:\Users\Admin\.m2\repository\org\projectlombok\lombok\1.18.26\lombok-1.18.26.jar;C:\Users\Admin\.m2\repository\com\google\code\gson\gson\2.10.1\gson-2.10.1.jar;"/>
    <property name="sun.cpu.endian" value="little"/>
    <property name="user.home" value="C:\Users\Admin"/>
    <property name="user.language" value="en"/>
    <property name="java.specification.vendor" value="Oracle Corporation"/>
    <property name="java.version.date" value="2025-01-21"/>
    <property name="java.home" value="C:\Program Files\Java\jdk-21"/>
    <property name="file.separator" value="\"/>
    <property name="basedir" value="C:\Users\Admin\eclipse-workspace\MagentoProjectV2"/>
    <property name="style.color" value="always"/>
    <property name="java.vm.compressedOopsMode" value="32-bit"/>
    <property name="line.separator" value="&#10;"/>
    <property name="testng.Failed" value="0"/>
    <property name="java.vm.specification.vendor" value="Oracle Corporation"/>
    <property name="java.specification.name" value="Java Platform API Specification"/>
    <property name="surefire.real.class.path" value="C:\Users\Admin\AppData\Local\Temp\surefire7591077306758247418\surefirebooter7292194006196848678.jar"/>
    <property name="user.script" value=""/>
    <property name="sun.management.compiler" value="HotSpot 64-Bit Tiered Compilers"/>
    <property name="java.runtime.version" value="21.0.6+8-LTS-188"/>
    <property name="user.name" value="Admin"/>
    <property name="stdout.encoding" value="Cp1252"/>
    <property name="path.separator" value=";"/>
    <property name="os.version" value="10.0"/>
    <property name="testng.KnownDefect" value="0"/>
    <property name="java.runtime.name" value="Java(TM) SE Runtime Environment"/>
    <property name="file.encoding" value="UTF-8"/>
    <property name="testng.Fixed" value="0"/>
    <property name="java.vm.name" value="Java HotSpot(TM) 64-Bit Server VM"/>
    <property name="localRepository" value="C:\Users\Admin\.m2\repository"/>
    <property name="java.vendor.url.bug" value="https://bugreport.java.com/bugreport/"/>
    <property name="java.io.tmpdir" value="C:\Users\Admin\AppData\Local\Temp\"/>
    <property name="java.version" value="21.0.6"/>
    <property name="user.dir" value="C:\Users\Admin\eclipse-workspace\MagentoProjectV2"/>
    <property name="os.arch" value="amd64"/>
    <property name="java.vm.specification.name" value="Java Virtual Machine Specification"/>
    <property name="sun.os.patch.level" value=""/>
    <property name="native.encoding" value="Cp1252"/>
    <property name="java.library.path" value="C:\Program Files\Java\jdk-21\bin;C:\WINDOWS\Sun\Java\bin;C:\WINDOWS\system32;C:\WINDOWS;C:\Program Files\Python313\Scripts\;C:\Program Files\Python313\;C:\Program Files\Common Files\Oracle\Java\javapath;C:\WINDOWS\system32;C:\WINDOWS;C:\WINDOWS\System32\Wbem;C:\WINDOWS\System32\WindowsPowerShell\v1.0\;C:\WINDOWS\System32\OpenSSH\;C:\Program Files\Java\jdk-23\bin;C:\Program Files\MySQL\MySQL Server 8.0\bin;D:\Wipro Preskilling Training\allure-2.33.0\allure-2.33.0\bin;C:\Program Files\Git\cmd;C:\Program Files\Java\jdk-21\bin;D:\Wipro Preskilling Training\Maven\apache-maven-3.9.9;C:\Program Files\MySQL\MySQL Shell 8.0\bin\;C:\Users\Admin\AppData\Local\Microsoft\WindowsApps;C:\Program Files\Java\jdk-23\bin;C:\Program Files\Java\jdk-21\bin;;."/>
    <property name="java.vm.info" value="mixed mode, sharing"/>
    <property name="stderr.encoding" value="Cp1252"/>
    <property name="java.vendor" value="Oracle Corporation"/>
    <property name="java.vm.version" value="21.0.6+8-LTS-188"/>
    <property name="sun.io.unicode.encoding" value="UnicodeLittle"/>
    <property name="testng.Passed" value="6"/>
    <property name="java.class.version" value="65.0"/>
  </properties>
  <testcase name="runScenario[&quot;To register a User with invalid Data Handling&quot;, &quot;Checking User Registration&quot;](1)" classname="com.Magento.TestRunner.S1UserRegistrationTestNGTR" time="46.338">
    <system-out><![CDATA[
Scenario Outline: To register a User with invalid Data Handling                                                               &amp#27;[90m# src/test/resources/Features/S1Registration.feature:20&amp#27;[0m
  &amp#27;[32mGiven &amp#27;[0m&amp#27;[32mUser opens the Browser&amp#27;[0m                                                                                                &amp#27;[90m# com.Magento.StepDefinitions.UserRegistrationSD.user_opens_the_browser()&amp#27;[0m
  &amp#27;[32mAnd &amp#27;[0m&amp#27;[32mUser navigates to the &amp#27;[0m&amp#27;[32m&amp#27;[1m"https://magento.softwaretestingboard.com/"&amp#27;[0m&amp#27;[32m Webpage&amp#27;[0m                                               &amp#27;[90m# com.Magento.StepDefinitions.UserRegistrationSD.user_navigates_to_the_webpage(java.lang.String)&amp#27;[0m
  &amp#27;[32mWhen &amp#27;[0m&amp#27;[32mUser clicks Create an Account button&amp#27;[0m                                                                                   &amp#27;[90m# com.Magento.StepDefinitions.UserRegistrationSD.user_clicks_create_an_account_button()&amp#27;[0m
  &amp#27;[32mAnd &amp#27;[0m&amp#27;[32mUser enters the valid &amp#27;[0m&amp#27;[32m&amp#27;[1m'Jeya'&amp#27;[0m&amp#27;[32m in Firstname Textbox&amp#27;[0m                                                                       &amp#27;[90m# com.Magento.StepDefinitions.UserRegistrationSD.user_enters_the_valid_in_firstname_textbox(java.lang.String)&amp#27;[0m
  &amp#27;[32mAnd &amp#27;[0m&amp#27;[32mUser enters the valid &amp#27;[0m&amp#27;[32m&amp#27;[1m'Josh'&amp#27;[0m&amp#27;[32m in Lastname Textbox&amp#27;[0m                                                                        &amp#27;[90m# com.Magento.StepDefinitions.UserRegistrationSD.user_enters_the_valid_in_lastname_textbox(java.lang.String)&amp#27;[0m
  &amp#27;[32mAnd &amp#27;[0m&amp#27;[32mUser enters the invalid &amp#27;[0m&amp#27;[32m&amp#27;[1m'josh456'&amp#27;[0m&amp#27;[32m in Email Textbox&amp#27;[0m                                                                      &amp#27;[90m# com.Magento.StepDefinitions.UserRegistrationSD.user_enters_the_invalid_in_email_textbox(java.lang.String)&amp#27;[0m
  &amp#27;[32mAnd &amp#27;[0m&amp#27;[32mUser enters the valid &amp#27;[0m&amp#27;[32m&amp#27;[1m'JeyaJosh123456'&amp#27;[0m&amp#27;[32m in Password Textbox&amp#27;[0m                                                              &amp#27;[90m# com.Magento.StepDefinitions.UserRegistrationSD.user_enters_the_valid_in_password_textbox(java.lang.String)&amp#27;[0m
  &amp#27;[32mAnd &amp#27;[0m&amp#27;[32mUser enters the valid &amp#27;[0m&amp#27;[32m&amp#27;[1m'JeyaJosh123456'&amp#27;[0m&amp#27;[32m in ConfirmPassword Textbox&amp#27;[0m                                                       &amp#27;[90m# com.Magento.StepDefinitions.UserRegistrationSD.user_enters_the_valid_in_confirm_password_textbox(java.lang.String)&amp#27;[0m
  &amp#27;[32mAnd &amp#27;[0m&amp#27;[32mUser clicks the Create an Account button&amp#27;[0m                                                                                &amp#27;[90m# com.Magento.StepDefinitions.UserRegistrationSD.user_clicks_the_create_an_account_button()&amp#27;[0m
Screenshot taken
  &amp#27;[32mThen &amp#27;[0m&amp#27;[32mUser verifies the &amp#27;[0m&amp#27;[32m&amp#27;[1m'Please enter a valid email address (Ex: johndoe@domain.com).'&amp#27;[0m&amp#27;[32m message displayed under Email Textbox&amp#27;[0m &amp#27;[90m# com.Magento.StepDefinitions.UserRegistrationSD.user_verifies_the_message_displayed_under_email_textbox(java.lang.String)&amp#27;[0m
  &amp#27;[32mWhen &amp#27;[0m&amp#27;[32mUser re-enters the Email with valid data &amp#27;[0m&amp#27;[32m&amp#27;[1m'jeyajosh1234@gmail.com'&amp#27;[0m&amp#27;[32m in Email Textbox&amp#27;[0m                                     &amp#27;[90m# com.Magento.StepDefinitions.UserRegistrationSD.user_re_enters_the_email_with_valid_data_in_email_textbox(java.lang.String)&amp#27;[0m
  &amp#27;[32mAnd &amp#27;[0m&amp#27;[32mUser clicks the Create an Account button&amp#27;[0m                                                                                &amp#27;[90m# com.Magento.StepDefinitions.UserRegistrationSD.user_clicks_the_create_an_account_button()&amp#27;[0m
Screenshot taken
  &amp#27;[32mThen &amp#27;[0m&amp#27;[32mUser verifies Registration &amp#27;[0m&amp#27;[32m&amp#27;[1m'Thank you for registering with Main Website Store.'&amp#27;[0m&amp#27;[32m in the next page&amp#27;[0m                       &amp#27;[90m# com.Magento.StepDefinitions.UserRegistrationSD.user_verifies_registration_in_the_next_page(java.lang.String)&amp#27;[0m
]]></system-out>
    <system-err><![CDATA[SLF4J: Failed to load class "org.slf4j.impl.StaticLoggerBinder".
SLF4J: Defaulting to no-operation (NOP) logger implementation
SLF4J: See http://www.slf4j.org/codes.html#StaticLoggerBinder for further details.
Mar 25, 2025 9:28:40 AM org.openqa.selenium.devtools.CdpVersionFinder findNearestMatch
WARNING: Unable to find an exact match for CDP version 134, returning the closest version; found: 133; Please update to a Selenium version that supports CDP version 134
]]></system-err>
  </testcase>
  <testcase name="runScenario[&quot;To Check Login, Search Product using Auto-suggest feature and Adding Product to Cart&quot;, &quot;Checking Login, Product Search and Adding Product to cart&quot;](1)" classname="com.Magento.TestRunner.S2LoginProductSearchTestNGTR" time="68.24">
    <system-out><![CDATA[
Scenario Outline: To Check Login, Search Product using Auto-suggest feature and Adding Product to Cart                                     &amp#27;[90m# src/test/resources/Features/S2LoginProductSearch.feature:21&amp#27;[0m
  &amp#27;[32mGiven &amp#27;[0m&amp#27;[32mUser opens the Browser&amp#27;[0m                                                                                                             &amp#27;[90m# com.Magento.StepDefinitions.UserRegistrationSD.user_opens_the_browser()&amp#27;[0m
  &amp#27;[32mAnd &amp#27;[0m&amp#27;[32mUser navigates to the &amp#27;[0m&amp#27;[32m&amp#27;[1m"https://magento.softwaretestingboard.com/"&amp#27;[0m&amp#27;[32m Webpage&amp#27;[0m                                                            &amp#27;[90m# com.Magento.StepDefinitions.UserRegistrationSD.user_navigates_to_the_webpage(java.lang.String)&amp#27;[0m
  &amp#27;[32mWhen &amp#27;[0m&amp#27;[32mUser clicks Sign In button&amp#27;[0m                                                                                                          &amp#27;[90m# com.Magento.StepDefinitions.LoginProductSearchSD.user_clicks_sign_in_button()&amp#27;[0m
2025-03-25T03:59:25.368175500Z main ERROR Log4j API could not find a logging provider.
  &amp#27;[32mAnd &amp#27;[0m&amp#27;[32mUser enters the Login Credentials&amp#27;[0m                                                                                                    &amp#27;[90m# com.Magento.StepDefinitions.LoginProductSearchSD.user_enters_the_login_credentials(io.cucumber.datatable.DataTable)&amp#27;[0m
    | ProjectExcelData.xlsx |
  &amp#27;[32mAnd &amp#27;[0m&amp#27;[32mUser clicks on the Sign In button&amp#27;[0m                                                                                                    &amp#27;[90m# com.Magento.StepDefinitions.LoginProductSearchSD.user_clicks_on_the_sign_in_button()&amp#27;[0m
  &amp#27;[32mAnd &amp#27;[0m&amp#27;[32mUser enter the data &amp#27;[0m&amp#27;[32m&amp#27;[1m"Men"&amp#27;[0m&amp#27;[32m in the Search Textbox&amp#27;[0m                                                                                      &amp#27;[90m# com.Magento.StepDefinitions.LoginProductSearchSD.user_enter_the_data_in_the_search_textbox(java.lang.String)&amp#27;[0m
  &amp#27;[32mAnd &amp#27;[0m&amp#27;[32mUser selects the from the Auto-Suggestion &amp#27;[0m&amp#27;[32m&amp#27;[1m'men hoodie'&amp#27;[0m                                                                               &amp#27;[90m# com.Magento.StepDefinitions.LoginProductSearchSD.user_selects_the_from_the_auto_suggestion(java.lang.String)&amp#27;[0m
  &amp#27;[32mAnd &amp#27;[0m&amp#27;[32mUser clicks on the &amp#27;[0m&amp#27;[32m&amp#27;[1m'Marco Lightweight Active Hoodie'&amp#27;[0m&amp#27;[32m from the Search results&amp#27;[0m                                                         &amp#27;[90m# com.Magento.StepDefinitions.LoginProductSearchSD.user_clicks_on_the_from_the_search_results(java.lang.String)&amp#27;[0m
Screenshot taken
  &amp#27;[32mAnd &amp#27;[0m&amp#27;[32mUser selects the Size, Colour and Quantity&amp#27;[0m                                                                                           &amp#27;[90m# com.Magento.StepDefinitions.LoginProductSearchSD.user_selects_the_size_colour_and_quantity(io.cucumber.datatable.DataTable)&amp#27;[0m
    | ProjectExcelData.xlsx |
  &amp#27;[32mAnd &amp#27;[0m&amp#27;[32mUser clicks Add to Cart button&amp#27;[0m                                                                                                       &amp#27;[90m# com.Magento.StepDefinitions.LoginProductSearchSD.user_clicks_add_to_cart_button()&amp#27;[0m
Screenshot taken
  &amp#27;[32mThen &amp#27;[0m&amp#27;[32mverify whether the Product is added to the cart and &amp#27;[0m&amp#27;[32m&amp#27;[1m'You added Marco Lightweight Active Hoodie to your shopping cart.'&amp#27;[0m&amp#27;[32m is displayed&amp#27;[0m &amp#27;[90m# com.Magento.StepDefinitions.LoginProductSearchSD.verify_whether_the_product_is_added_to_the_cart_and_is_displayed(java.lang.String)&amp#27;[0m
]]></system-out>
    <system-err><![CDATA[Mar 25, 2025 9:29:12 AM org.openqa.selenium.devtools.CdpVersionFinder findNearestMatch
WARNING: Unable to find an exact match for CDP version 134, returning the closest version; found: 133; Please update to a Selenium version that supports CDP version 134
]]></system-err>
  </testcase>
  <testcase name="runScenario[&quot;To Check Login, proceeding to Check out and placing Order&quot;, &quot;Checking Login, proceeds to Check out and placing Order&quot;](1)" classname="com.Magento.TestRunner.S3CheckoutPaymentTestNGTR" time="99.876">
    <system-out><![CDATA[
Scenario Outline: To Check Login, proceeding to Check out and placing Order                                                                                                                              &amp#27;[90m# src/test/resources/Features/S3CheckoutPayment.feature:24&amp#27;[0m
  &amp#27;[32mGiven &amp#27;[0m&amp#27;[32mUser opens the Browser&amp#27;[0m                                                                                                                                                                           &amp#27;[90m# com.Magento.StepDefinitions.UserRegistrationSD.user_opens_the_browser()&amp#27;[0m
  &amp#27;[32mAnd &amp#27;[0m&amp#27;[32mUser navigates to the &amp#27;[0m&amp#27;[32m&amp#27;[1m"https://magento.softwaretestingboard.com/"&amp#27;[0m&amp#27;[32m Webpage&amp#27;[0m                                                                                                                          &amp#27;[90m# com.Magento.StepDefinitions.UserRegistrationSD.user_navigates_to_the_webpage(java.lang.String)&amp#27;[0m
  &amp#27;[32mWhen &amp#27;[0m&amp#27;[32mUser clicks Sign In button&amp#27;[0m                                                                                                                                                                        &amp#27;[90m# com.Magento.StepDefinitions.LoginProductSearchSD.user_clicks_sign_in_button()&amp#27;[0m
  &amp#27;[32mAnd &amp#27;[0m&amp#27;[32mUser enters the Login Credentials&amp#27;[0m                                                                                                                                                                  &amp#27;[90m# com.Magento.StepDefinitions.LoginProductSearchSD.user_enters_the_login_credentials(io.cucumber.datatable.DataTable)&amp#27;[0m
    | ProjectExcelData.xlsx |
  &amp#27;[32mAnd &amp#27;[0m&amp#27;[32mUser clicks on the Sign In button&amp#27;[0m                                                                                                                                                                  &amp#27;[90m# com.Magento.StepDefinitions.LoginProductSearchSD.user_clicks_on_the_sign_in_button()&amp#27;[0m
  &amp#27;[32mAnd &amp#27;[0m&amp#27;[32mUser clicks the Cart icon on the Homepage&amp#27;[0m                                                                                                                                                          &amp#27;[90m# com.Magento.StepDefinitions.CheckoutPaymentSD.user_clicks_the_cart_icon_on_the_homepage()&amp#27;[0m
  &amp#27;[32mAnd &amp#27;[0m&amp#27;[32mUser clicks Proceed to Checkout button&amp#27;[0m                                                                                                                                                             &amp#27;[90m# com.Magento.StepDefinitions.CheckoutPaymentSD.user_clicks_proceed_to_checkout_button()&amp#27;[0m
  &amp#27;[32mAnd &amp#27;[0m&amp#27;[32mUser enters valid shipping address with valid data except for Zip/Postal Code textbox&amp#27;[0m                                                                                                              &amp#27;[90m# com.Magento.StepDefinitions.CheckoutPaymentSD.user_enters_valid_shipping_address_with_valid_data_except_for_zip_postal_code_textbox(io.cucumber.datatable.DataTable)&amp#27;[0m
    | ProjectExcelData.xlsx |
  &amp#27;[32mThen &amp#27;[0m&amp#27;[32mUser verifies the &amp#27;[0m&amp#27;[32m&amp#27;[1m'Provided Zip/Postal Code seems to be invalid. Example: 123456. If you believe it is the right one you can ignore this notice.'&amp#27;[0m&amp#27;[32m message displayed under Zip/Postal Code textbox&amp#27;[0m &amp#27;[90m# com.Magento.StepDefinitions.CheckoutPaymentSD.user_verifies_the_message_displayed_under_zip_postal_code_textbox(java.lang.String)&amp#27;[0m
Shipping (India) Radio Button method Exception: org.openqa.selenium.InvalidElementStateException: invalid element state
  (Session info: chrome=134.0.6998.118)
Build info: version: '4.29.0', revision: '5fc1ec94cb'
System info: os.name: 'Windows 11', os.arch: 'amd64', os.version: '10.0', java.version: '21.0.6'
Driver info: org.openqa.selenium.chrome.ChromeDriver
Command: [1c92b37c18fcb073cc1ae7979e87c0d9, clearElement {id=f.4A58B774836C70D05A135DDA3D4BE4AD.d.BE97DB9611052F301D068CF1D29ACF0B.e.839}]
Capabilities {acceptInsecureCerts: false, browserName: chrome, browserVersion: 134.0.6998.118, chrome: {chromedriverVersion: 134.0.6998.165 (fd886e2cb29..., userDataDir: C:\Users\Admin\AppData\Loca...}, fedcm:accounts: true, goog:chromeOptions: {debuggerAddress: localhost:53941}, networkConnectionEnabled: false, pageLoadStrategy: normal, platformName: windows, proxy: Proxy(), se:cdp: ws://localhost:53941/devtoo..., se:cdpVersion: 134.0.6998.118, setWindowRect: true, strictFileInteractability: false, timeouts: {implicit: 0, pageLoad: 300000, script: 30000}, unhandledPromptBehavior: dismiss and notify, webauthn:extension:credBlob: true, webauthn:extension:largeBlob: true, webauthn:extension:minPinLength: true, webauthn:extension:prf: true, webauthn:virtualAuthenticators: true}
Element: [[ChromeDriver: chrome on windows (1c92b37c18fcb073cc1ae7979e87c0d9)] -> xpath: //input[@name='ko_unique_5']]
Session ID: 1c92b37c18fcb073cc1ae7979e87c0d9
  &amp#27;[32mWhen &amp#27;[0m&amp#27;[32mUser re-enters the valid data in Zip/Postal Code textbox&amp#27;[0m                                                                                                                                          &amp#27;[90m# com.Magento.StepDefinitions.CheckoutPaymentSD.user_re_enters_the_valid_data_in_zip_postal_code_textbox(io.cucumber.datatable.DataTable)&amp#27;[0m
    | ProjectExcelData.xlsx |
  &amp#27;[32mAnd &amp#27;[0m&amp#27;[32mUser clicks the Next button&amp#27;[0m                                                                                                                                                                        &amp#27;[90m# com.Magento.StepDefinitions.CheckoutPaymentSD.user_clicks_the_next_button()&amp#27;[0m
  &amp#27;[32mAnd &amp#27;[0m&amp#27;[32mUser clicks Place Order button&amp#27;[0m                                                                                                                                                                     &amp#27;[90m# com.Magento.StepDefinitions.CheckoutPaymentSD.user_clicks_place_order_button()&amp#27;[0m
Screenshot taken
  &amp#27;[32mThen &amp#27;[0m&amp#27;[32mUser verifies the Order Placed &amp#27;[0m&amp#27;[32m&amp#27;[1m'Thank you for your purchase!'&amp#27;[0m                                                                                                                                     &amp#27;[90m# com.Magento.StepDefinitions.CheckoutPaymentSD.user_verifies_the_order_placed(java.lang.String)&amp#27;[0m
]]></system-out>
    <system-err><![CDATA[Mar 25, 2025 9:30:23 AM org.openqa.selenium.devtools.CdpVersionFinder findNearestMatch
WARNING: Unable to find an exact match for CDP version 134, returning the closest version; found: 133; Please update to a Selenium version that supports CDP version 134
]]></system-err>
  </testcase>
  <testcase name="runScenario[&quot;To check Login with valid and invalid Credentials&quot;, &quot;Checking valid Login and invalid Login&quot;](1)" classname="com.Magento.TestRunner.S4LoginValidInvalidTestNGTR" time="25.422">
    <system-out><![CDATA[
Scenario Outline: To check Login with valid and invalid Credentials                                                                                                                    &amp#27;[90m# src/test/resources/Features/S4LoginValidInvalid.feature:19&amp#27;[0m
  &amp#27;[32mGiven &amp#27;[0m&amp#27;[32mUser opens the Browser&amp#27;[0m                                                                                                                                                         &amp#27;[90m# com.Magento.StepDefinitions.UserRegistrationSD.user_opens_the_browser()&amp#27;[0m
  &amp#27;[32mAnd &amp#27;[0m&amp#27;[32mUser navigates to the &amp#27;[0m&amp#27;[32m&amp#27;[1m"https://magento.softwaretestingboard.com/"&amp#27;[0m&amp#27;[32m Webpage&amp#27;[0m                                                                                                        &amp#27;[90m# com.Magento.StepDefinitions.UserRegistrationSD.user_navigates_to_the_webpage(java.lang.String)&amp#27;[0m
  &amp#27;[32mWhen &amp#27;[0m&amp#27;[32mUser clicks Sign In button&amp#27;[0m                                                                                                                                                      &amp#27;[90m# com.Magento.StepDefinitions.LoginProductSearchSD.user_clicks_sign_in_button()&amp#27;[0m
  &amp#27;[32mAnd &amp#27;[0m&amp#27;[32mUser enters invalid &amp#27;[0m&amp#27;[32m&amp#27;[1m'jo@gmail.com'&amp#27;[0m&amp#27;[32m in the Email Textbox&amp#27;[0m                                                                                                                          &amp#27;[90m# com.Magento.StepDefinitions.LoginValidInvalidSD.user_enters_invalid_in_the_email_textbox(java.lang.String)&amp#27;[0m
  &amp#27;[32mAnd &amp#27;[0m&amp#27;[32mUser enters invalid &amp#27;[0m&amp#27;[32m&amp#27;[1m'Ji123'&amp#27;[0m&amp#27;[32m in the Password Textbox&amp#27;[0m                                                                                                                              &amp#27;[90m# com.Magento.StepDefinitions.LoginValidInvalidSD.user_enters_invalid_in_the_password_textbox(java.lang.String)&amp#27;[0m
  &amp#27;[32mAnd &amp#27;[0m&amp#27;[32mUser clicks SignIn actual button&amp#27;[0m                                                                                                                                                 &amp#27;[90m# com.Magento.StepDefinitions.LoginValidInvalidSD.user_clicks_sign_in_actual_button()&amp#27;[0m
Screenshot taken
  &amp#27;[32mThen &amp#27;[0m&amp#27;[32mUser verifies the &amp#27;[0m&amp#27;[32m&amp#27;[1m'The account sign-in was incorrect or your account is disabled temporarily. Please wait and try again later.'&amp#27;[0m&amp#27;[32m message displayed after clicking Sign In Button&amp#27;[0m &amp#27;[90m# com.Magento.StepDefinitions.LoginValidInvalidSD.user_verifies_the_message_displayed_after_clicking_sign_in_button(java.lang.String)&amp#27;[0m
  &amp#27;[32mWhen &amp#27;[0m&amp#27;[32mUser re-enters the valid &amp#27;[0m&amp#27;[32m&amp#27;[1m'jeyajosh1234@gmail.com'&amp#27;[0m&amp#27;[32m in Email Textbox&amp#27;[0m                                                                                                              &amp#27;[90m# com.Magento.StepDefinitions.LoginValidInvalidSD.user_re_enters_the_valid_in_email_textbox(java.lang.String)&amp#27;[0m
  &amp#27;[32mAnd &amp#27;[0m&amp#27;[32mUser re-enters the valid &amp#27;[0m&amp#27;[32m&amp#27;[1m'JeyaJosh123456'&amp#27;[0m&amp#27;[32m in Password Textbox&amp#27;[0m                                                                                                                    &amp#27;[90m# com.Magento.StepDefinitions.LoginValidInvalidSD.user_re_enters_the_valid_in_password_textbox(java.lang.String)&amp#27;[0m
  &amp#27;[32mAnd &amp#27;[0m&amp#27;[32mUser clicks SignIn actual button&amp#27;[0m                                                                                                                                                 &amp#27;[90m# com.Magento.StepDefinitions.LoginValidInvalidSD.user_clicks_sign_in_actual_button()&amp#27;[0m
Navigated to the Home Page
  &amp#27;[32mThen &amp#27;[0m&amp#27;[32mUser verifies Home Page is displayed after clicking Sign In button&amp#27;[0m                                                                                                              &amp#27;[90m# com.Magento.StepDefinitions.LoginValidInvalidSD.user_verifies_home_page_is_displayed_after_clicking_sign_in_button()&amp#27;[0m
]]></system-out>
    <system-err><![CDATA[Mar 25, 2025 9:32:02 AM org.openqa.selenium.devtools.CdpVersionFinder findNearestMatch
WARNING: Unable to find an exact match for CDP version 134, returning the closest version; found: 133; Please update to a Selenium version that supports CDP version 134
]]></system-err>
  </testcase>
  <testcase name="runScenario[&quot;To Check Login, Search Products using Auto-suggest feature and Adding Multiple Products to Cart&quot;, &quot;Checking Login, Product Search and Adding Multiple Products to Cart&quot;](1)" classname="com.Magento.TestRunner.S5LoginMultipleProductsTestNGTR" time="50.235">
    <system-out><![CDATA[
Scenario Outline: To Check Login, Search Products using Auto-suggest feature and Adding Multiple Products to Cart                      &amp#27;[90m# src/test/resources/Features/S5LoginMultipleProducts.feature:34&amp#27;[0m
  &amp#27;[32mGiven &amp#27;[0m&amp#27;[32mUser opens the Browser&amp#27;[0m                                                                                                         &amp#27;[90m# com.Magento.StepDefinitions.UserRegistrationSD.user_opens_the_browser()&amp#27;[0m
  &amp#27;[32mAnd &amp#27;[0m&amp#27;[32mUser navigates to the &amp#27;[0m&amp#27;[32m&amp#27;[1m"https://magento.softwaretestingboard.com/"&amp#27;[0m&amp#27;[32m Webpage&amp#27;[0m                                                        &amp#27;[90m# com.Magento.StepDefinitions.UserRegistrationSD.user_navigates_to_the_webpage(java.lang.String)&amp#27;[0m
  &amp#27;[32mWhen &amp#27;[0m&amp#27;[32mUser clicks Sign In button&amp#27;[0m                                                                                                      &amp#27;[90m# com.Magento.StepDefinitions.LoginProductSearchSD.user_clicks_sign_in_button()&amp#27;[0m
  &amp#27;[32mAnd &amp#27;[0m&amp#27;[32mUser enters the Login Credentials&amp#27;[0m                                                                                                &amp#27;[90m# com.Magento.StepDefinitions.LoginProductSearchSD.user_enters_the_login_credentials(io.cucumber.datatable.DataTable)&amp#27;[0m
    | ProjectExcelData.xlsx |
  &amp#27;[32mAnd &amp#27;[0m&amp#27;[32mUser clicks on the Sign In button&amp#27;[0m                                                                                                &amp#27;[90m# com.Magento.StepDefinitions.LoginProductSearchSD.user_clicks_on_the_sign_in_button()&amp#27;[0m
  &amp#27;[32mAnd &amp#27;[0m&amp#27;[32mUser enters the first data &amp#27;[0m&amp#27;[32m&amp#27;[1m"Shirts"&amp#27;[0m&amp#27;[32m in the Search Textbox&amp#27;[0m                                                                        &amp#27;[90m# com.Magento.StepDefinitions.LoginMultipleProductsSD.user_enters_the_first_data_in_the_search_textbox(java.lang.String)&amp#27;[0m
  &amp#27;[32mAnd &amp#27;[0m&amp#27;[32mUser selects the first data from the Auto-Suggestion &amp#27;[0m&amp#27;[32m&amp#27;[1m'shirts for men'&amp#27;[0m                                                            &amp#27;[90m# com.Magento.StepDefinitions.LoginMultipleProductsSD.user_selects_the_first_data_from_the_auto_suggestion(java.lang.String)&amp#27;[0m
  &amp#27;[32mAnd &amp#27;[0m&amp#27;[32mUser clicks on the first data &amp#27;[0m&amp#27;[32m&amp#27;[1m'Jupiter All-Weather Trainer'&amp#27;[0m&amp#27;[32m from the Search results&amp#27;[0m                                              &amp#27;[90m# com.Magento.StepDefinitions.LoginMultipleProductsSD.user_clicks_on_the_first_data_from_the_search_results(java.lang.String)&amp#27;[0m
Screenshot taken
  &amp#27;[32mAnd &amp#27;[0m&amp#27;[32mUser selects the Size, Colour and Quantity&amp#27;[0m                                                                                       &amp#27;[90m# com.Magento.StepDefinitions.LoginProductSearchSD.user_selects_the_size_colour_and_quantity(io.cucumber.datatable.DataTable)&amp#27;[0m
    | ProjectExcelData.xlsx |
  &amp#27;[32mAnd &amp#27;[0m&amp#27;[32mUser clicks Add to Cart button&amp#27;[0m                                                                                                   &amp#27;[90m# com.Magento.StepDefinitions.LoginProductSearchSD.user_clicks_add_to_cart_button()&amp#27;[0m
Screenshot taken
  &amp#27;[32mThen &amp#27;[0m&amp#27;[32mverify whether the Product is added to the cart and &amp#27;[0m&amp#27;[32m&amp#27;[1m'You added Jupiter All-Weather Trainer to your shopping cart.'&amp#27;[0m&amp#27;[32m is displayed&amp#27;[0m &amp#27;[90m# com.Magento.StepDefinitions.LoginProductSearchSD.verify_whether_the_product_is_added_to_the_cart_and_is_displayed(java.lang.String)&amp#27;[0m
  &amp#27;[32mAnd &amp#27;[0m&amp#27;[32mUser enters the second data &amp#27;[0m&amp#27;[32m&amp#27;[1m"Watches"&amp#27;[0m&amp#27;[32m in the Search Textbox&amp#27;[0m                                                                      &amp#27;[90m# com.Magento.StepDefinitions.LoginMultipleProductsSD.user_enters_the_second_data_in_the_search_textbox(java.lang.String)&amp#27;[0m
  &amp#27;[32mAnd &amp#27;[0m&amp#27;[32mUser selects the second data from the Auto-Suggestion &amp#27;[0m&amp#27;[32m&amp#27;[1m'watches for men'&amp#27;[0m                                                          &amp#27;[90m# com.Magento.StepDefinitions.LoginMultipleProductsSD.user_selects_the_second_data_from_the_auto_suggestion(java.lang.String)&amp#27;[0m
  &amp#27;[32mAnd &amp#27;[0m&amp#27;[32mUser clicks on the second data &amp#27;[0m&amp#27;[32m&amp#27;[1m'Bolo Sport Watch'&amp#27;[0m&amp#27;[32m from the Search results&amp#27;[0m                                                        &amp#27;[90m# com.Magento.StepDefinitions.LoginMultipleProductsSD.user_clicks_on_the_second_data_from_the_search_results(java.lang.String)&amp#27;[0m
Screenshot taken
  &amp#27;[32mAnd &amp#27;[0m&amp#27;[32mUser selects the Quantity&amp#27;[0m                                                                                                        &amp#27;[90m# com.Magento.StepDefinitions.LoginMultipleProductsSD.user_selects_the_quantity(io.cucumber.datatable.DataTable)&amp#27;[0m
    | ProjectExcelData.xlsx |
  &amp#27;[32mAnd &amp#27;[0m&amp#27;[32mUser clicks Add to Cart button&amp#27;[0m                                                                                                   &amp#27;[90m# com.Magento.StepDefinitions.LoginProductSearchSD.user_clicks_add_to_cart_button()&amp#27;[0m
Screenshot taken
  &amp#27;[32mThen &amp#27;[0m&amp#27;[32mverify whether the Product is added to the cart and &amp#27;[0m&amp#27;[32m&amp#27;[1m'You added Bolo Sport Watch to your shopping cart.'&amp#27;[0m&amp#27;[32m is displayed&amp#27;[0m            &amp#27;[90m# com.Magento.StepDefinitions.LoginProductSearchSD.verify_whether_the_product_is_added_to_the_cart_and_is_displayed(java.lang.String)&amp#27;[0m
  &amp#27;[32mAnd &amp#27;[0m&amp#27;[32mUser clicks the Shopping Cart button to view Products&amp#27;[0m                                                                            &amp#27;[90m# com.Magento.StepDefinitions.LoginMultipleProductsSD.user_clicks_the_shopping_cart_button_to_view_products()&amp#27;[0m
Shopping Cart Page is visible
Jupiter All-Weather Trainer
Bolo Sport Watch
Total Cost is visible
Screenshot taken
  &amp#27;[32mThen &amp#27;[0m&amp#27;[32mverify the correct Products and total price are displayed&amp#27;[0m                                                                       &amp#27;[90m# com.Magento.StepDefinitions.LoginMultipleProductsSD.verify_the_correct_products_and_total_price_are_displayed()&amp#27;[0m
]]></system-out>
    <system-err><![CDATA[Mar 25, 2025 9:32:25 AM org.openqa.selenium.devtools.CdpVersionFinder findNearestMatch
WARNING: Unable to find an exact match for CDP version 134, returning the closest version; found: 133; Please update to a Selenium version that supports CDP version 134
]]></system-err>
  </testcase>
  <testcase name="runScenario[&quot;To check Logout Functionality using valid credentials&quot;, &quot;Checking Logout functionality&quot;](1)" classname="com.Magento.TestRunner.S6LogoutVerificationTestNGTR" time="31.342">
    <system-out><![CDATA[
Scenario Outline: To check Logout Functionality using valid credentials                                              &amp#27;[90m# src/test/resources/Features/S6LogOutVerification.feature:16&amp#27;[0m
  &amp#27;[32mGiven &amp#27;[0m&amp#27;[32mUser opens the Browser&amp#27;[0m                                                                                       &amp#27;[90m# com.Magento.StepDefinitions.UserRegistrationSD.user_opens_the_browser()&amp#27;[0m
  &amp#27;[32mAnd &amp#27;[0m&amp#27;[32mUser navigates to the &amp#27;[0m&amp#27;[32m&amp#27;[1m"https://magento.softwaretestingboard.com/"&amp#27;[0m&amp#27;[32m Webpage&amp#27;[0m                                      &amp#27;[90m# com.Magento.StepDefinitions.UserRegistrationSD.user_navigates_to_the_webpage(java.lang.String)&amp#27;[0m
  &amp#27;[32mWhen &amp#27;[0m&amp#27;[32mUser clicks Sign In button&amp#27;[0m                                                                                    &amp#27;[90m# com.Magento.StepDefinitions.LoginProductSearchSD.user_clicks_sign_in_button()&amp#27;[0m
  &amp#27;[32mAnd &amp#27;[0m&amp#27;[32mUser enters the valid &amp#27;[0m&amp#27;[32m&amp#27;[1m'jeyajosh1234@gmail.com'&amp#27;[0m&amp#27;[32m in Email Textbox and valid &amp#27;[0m&amp#27;[32m&amp#27;[1m'JeyaJosh123456'&amp#27;[0m&amp#27;[32m in Password Textbox&amp#27;[0m &amp#27;[90m# com.Magento.StepDefinitions.LogoutVerificationSD.user_enters_the_valid_in_email_textbox_and_valid_in_password_textbox(java.lang.String,java.lang.String)&amp#27;[0m
  &amp#27;[32mAnd &amp#27;[0m&amp#27;[32mUser clicks SignIn actual button&amp#27;[0m                                                                               &amp#27;[90m# com.Magento.StepDefinitions.LoginValidInvalidSD.user_clicks_sign_in_actual_button()&amp#27;[0m
  &amp#27;[32mAnd &amp#27;[0m&amp#27;[32mUser clicks the Dropdown and clicks Sign Out button beside the Username&amp#27;[0m                                        &amp#27;[90m# com.Magento.StepDefinitions.LogoutVerificationSD.user_clicks_the_dropdown_and_clicks_sign_out_button_beside_the_username()&amp#27;[0m
Screenshot taken
User verifies Signout
  &amp#27;[32mThen &amp#27;[0m&amp#27;[32mUser verifies Sign out &amp#27;[0m&amp#27;[32m&amp#27;[1m'You have signed out and will go to our homepage in 5 seconds.'&amp#27;[0m                        &amp#27;[90m# com.Magento.StepDefinitions.LogoutVerificationSD.user_verifies_sign_out(java.lang.String)&amp#27;[0m
User verifies Homepage Message
  &amp#27;[32mAnd &amp#27;[0m&amp#27;[32mUser verifies the  &amp#27;[0m&amp#27;[32m&amp#27;[1m"Home Page"&amp#27;[0m                                                                                 &amp#27;[90m# com.Magento.StepDefinitions.LogoutVerificationSD.user_verifies_the(java.lang.String)&amp#27;[0m
]]></system-out>
    <system-err><![CDATA[Mar 25, 2025 9:33:17 AM org.openqa.selenium.devtools.CdpVersionFinder findNearestMatch
WARNING: Unable to find an exact match for CDP version 134, returning the closest version; found: 133; Please update to a Selenium version that supports CDP version 134
]]></system-err>
  </testcase>
</testsuite>