<?xml version="1.0" encoding="UTF-8"?>
<!-- Generated by org.testng.reporters.JUnitReportReporter -->
<testsuite hostname="LenovaLaptop" failures="0" tests="1" name="com.Magento.TestRunner.S1UserRegistrationTestNGTR" time="15.530" errors="0" timestamp="2025-03-21T21:12:49 IST" skipped="0">
  <testcase classname="com.Magento.TestRunner.S1UserRegistrationTestNGTR" name="runScenario" time="15.530"/>
</testsuite> <!-- com.Magento.TestRunner.S1UserRegistrationTestNGTR -->
