<?xml version="1.0" encoding="UTF-8"?>
<!-- Generated by org.testng.reporters.JUnitReportReporter -->
<testsuite hostname="LenovaLaptop" failures="0" tests="1" name="com.Magento.TestRunner.S5LoginMultipleProductsTestNGTR" time="62.133" errors="0" timestamp="2025-03-22T22:19:39 IST" skipped="0">
  <testcase classname="com.Magento.TestRunner.S5LoginMultipleProductsTestNGTR" name="runScenario" time="62.133"/>
</testsuite> <!-- com.Magento.TestRunner.S5LoginMultipleProductsTestNGTR -->
