<?xml version="1.0" encoding="UTF-8"?>
<!-- Generated by org.testng.reporters.JUnitReportReporter -->
<testsuite hostname="LenovaLaptop" failures="0" tests="1" name="com.Magento.TestRunner.MagentoAppTestNGTestRunner" time="57.674" errors="0" timestamp="2025-03-20T09:17:35 IST" skipped="0">
  <testcase classname="com.Magento.TestRunner.MagentoAppTestNGTestRunner" name="runScenario" time="57.674"/>
</testsuite> <!-- com.Magento.TestRunner.MagentoAppTestNGTestRunner -->
