<?xml version="1.0" encoding="UTF-8"?>
<!-- Generated by org.testng.reporters.JUnitReportReporter -->
<testsuite hostname="LenovaLaptop" failures="0" tests="1" name="com.Magento.TestRunner.S4LoginValidInvalidTestNGTR" time="17.768" errors="0" timestamp="2025-03-21T21:43:52 IST" skipped="0">
  <testcase classname="com.Magento.TestRunner.S4LoginValidInvalidTestNGTR" name="runScenario" time="17.768"/>
</testsuite> <!-- com.Magento.TestRunner.S4LoginValidInvalidTestNGTR -->
