<?xml version="1.0" encoding="UTF-8"?>
<!-- Generated by org.testng.reporters.JUnitReportReporter -->
<testsuite hostname="LenovaLaptop" failures="0" tests="1" name="com.Magento.TestRunner.S3CheckoutPaymentTestNGTR" time="48.530" errors="0" timestamp="2025-03-24T01:04:40 IST" skipped="0">
  <testcase classname="com.Magento.TestRunner.S3CheckoutPaymentTestNGTR" name="runScenario" time="48.530"/>
</testsuite> <!-- com.Magento.TestRunner.S3CheckoutPaymentTestNGTR -->
