<?xml version="1.0" encoding="UTF-8"?>
<!-- Generated by org.testng.reporters.JUnitReportReporter -->
<testsuite hostname="LenovaLaptop" failures="0" tests="1" name="com.Magento.TestRunner.S2LoginProductSearchTestNGTR" time="57.882" errors="0" timestamp="2025-03-22T15:11:46 IST" skipped="0">
  <testcase classname="com.Magento.TestRunner.S2LoginProductSearchTestNGTR" name="runScenario" time="57.882"/>
</testsuite> <!-- com.Magento.TestRunner.S2LoginProductSearchTestNGTR -->
