<?xml version="1.0" encoding="UTF-8"?>
<!-- Generated by org.testng.reporters.JUnitReportReporter -->
<testsuite hostname="LenovaLaptop" failures="0" tests="1" name="com.Magento.TestRunner.S6LogoutVerificationTestNGTR" time="27.721" errors="0" timestamp="2025-03-21T21:06:05 IST" skipped="0">
  <testcase classname="com.Magento.TestRunner.S6LogoutVerificationTestNGTR" name="runScenario" time="27.721"/>
</testsuite> <!-- com.Magento.TestRunner.S6LogoutVerificationTestNGTR -->
