<?xml version="1.0" encoding="UTF-8"?>
<!-- Generated by org.testng.reporters.JUnitReportReporter -->
<testsuite hostname="LenovaLaptop" failures="0" tests="1" name="com.Magento.TestRunner.S6LogoutVerificationTestNGTR" time="25.705" errors="0" timestamp="2025-03-20T12:58:45 IST" skipped="0">
  <testcase classname="com.Magento.TestRunner.S6LogoutVerificationTestNGTR" name="runScenario" time="25.705"/>
</testsuite> <!-- com.Magento.TestRunner.S6LogoutVerificationTestNGTR -->
