<?xml version="1.0" encoding="UTF-8"?>
<!-- Generated by org.testng.reporters.JUnitReportReporter -->
<testsuite hostname="LenovaLaptop" failures="0" tests="1" name="com.Magento.TestRunner.S1UserRegistrationTestNGTR" time="19.917" errors="0" timestamp="2025-03-20T12:58:45 IST" skipped="0">
  <testcase classname="com.Magento.TestRunner.S1UserRegistrationTestNGTR" name="runScenario" time="19.917"/>
</testsuite> <!-- com.Magento.TestRunner.S1UserRegistrationTestNGTR -->
