<?xml version="1.0" encoding="UTF-8"?>
<!-- Generated by org.testng.reporters.JUnitReportReporter -->
<testsuite hostname="LenovaLaptop" failures="0" tests="1" name="com.Magento.TestRunner.S4LoginValidInvalidTestNGTR" time="18.658" errors="0" timestamp="2025-03-20T12:58:45 IST" skipped="0">
  <testcase classname="com.Magento.TestRunner.S4LoginValidInvalidTestNGTR" name="runScenario" time="18.658"/>
</testsuite> <!-- com.Magento.TestRunner.S4LoginValidInvalidTestNGTR -->
